warning: profiles for the non root package will be ignored, specify profiles at the workspace root:
package:   /home/exblackhole/Desktop/GameCoTuong/cotuong_core/Cargo.toml
workspace: /home/exblackhole/Desktop/GameCoTuong/Cargo.toml
   Compiling cotuong_core v0.1.0 (/home/exblackhole/Desktop/GameCoTuong/cotuong_core)
    Finished `test` profile [unoptimized + debuginfo] target(s) in 1.00s
     Running unittests src/lib.rs (/home/exblackhole/Desktop/GameCoTuong/target/debug/deps/cotuong_core-918b5528b0b95329)

running 4 tests
test logic::generator::tests::test_stalemate_check ... ok
test logic::game::tests::test_stalemate_is_loss ... ok
test engine::mate_test::tests::test_exponential_mate_score_decay ... FAILED
test engine::mate_test::tests::test_absolute_checkmate ... FAILED

failures:

---- engine::mate_test::tests::test_exponential_mate_score_decay stdout ----
Mate score at ply 1: 29999
Mate score at ply 3: 29997
Mate score at ply 5: 29995
Mate score at ply 7: 29993

thread 'engine::mate_test::tests::test_exponential_mate_score_decay' (34501) panicked at cotuong_core/src/engine/mate_test.rs:136:9:
Score at ply 1 should be negative
note: run with `RUST_BACKTRACE=1` environment variable to display a backtrace

---- engine::mate_test::tests::test_absolute_checkmate stdout ----
Best move: Move { from_row: 8, from_col: 0, to_row: 8, to_col: 4, score: 199970 }

thread 'engine::mate_test::tests::test_absolute_checkmate' (34500) panicked at cotuong_core/src/engine/mate_test.rs:104:9:
assertion `left == right` failed
  left: 8
 right: 9


failures:
    engine::mate_test::tests::test_absolute_checkmate
    engine::mate_test::tests::test_exponential_mate_score_decay

test result: FAILED. 2 passed; 2 failed; 0 ignored; 0 measured; 22 filtered out; finished in 0.05s

error: test failed, to rerun pass `--lib`
