    Finished `test` profile [unoptimized + debuginfo] target(s) in 0.04s
     Running unittests src/lib.rs (/home/tchuong/Màn hình nền/GameCoTuong/target/debug/deps/cotuong_core-ecad2dd77444c730)

running 1 test
test engine::mate_test::tests::test_absolute_checkmate ... FAILED

failures:

---- engine::mate_test::tests::test_absolute_checkmate stdout ----

thread 'engine::mate_test::tests::test_absolute_checkmate' (96733) panicked at cotuong_core/src/engine/search.rs:1261:28:
attempt to add with overflow
note: run with `RUST_BACKTRACE=1` environment variable to display a backtrace


failures:
    engine::mate_test::tests::test_absolute_checkmate

test result: FAILED. 0 passed; 1 failed; 0 ignored; 0 measured; 19 filtered out; finished in 0.03s

error: test failed, to rerun pass `--lib`
