warning: profiles for the non root package will be ignored, specify profiles at the workspace root:
package:   /home/exblackhole/Desktop/GameCoTuong/cotuong_core/Cargo.toml
workspace: /home/exblackhole/Desktop/GameCoTuong/Cargo.toml
    Finished `test` profile [unoptimized + debuginfo] target(s) in 0.10s
     Running unittests src/lib.rs (/home/exblackhole/Desktop/GameCoTuong/target/debug/deps/cotuong_core-918b5528b0b95329)

running 1 test
test engine::mate_test::tests::test_exponential_mate_score_decay ... FAILED

failures:

---- engine::mate_test::tests::test_exponential_mate_score_decay stdout ----
Mate score at ply 1: 299999
Mate score at ply 3: 299997
Mate score at ply 5: 299995
Mate score at ply 7: 299993
Difference ply 1->3: -2
Difference ply 3->5: -2
Difference ply 5->7: -2

thread 'engine::mate_test::tests::test_exponential_mate_score_decay' (35169) panicked at cotuong_core/src/engine/mate_test.rs:175:9:
Difference 1->3 (-2) should be larger than 3->5 (-2)
note: run with `RUST_BACKTRACE=1` environment variable to display a backtrace


failures:
    engine::mate_test::tests::test_exponential_mate_score_decay

test result: FAILED. 0 passed; 1 failed; 0 ignored; 0 measured; 26 filtered out; finished in 0.05s

error: test failed, to rerun pass `--lib`
